<?xml version="1.0" encoding="UTF-8"?>
<!-- Generated by org.testng.reporters.JUnitXMLReporter -->
<testsuite ignored="0" hostname="YAZHISAI-DV" failures="0" tests="3" name="Default test" time="0.078" errors="0" timestamp="2023-04-12T13:23:26 IST">
  <testcase classname="sample.Testtt" name="createcontact" time="0.012"/>
  <testcase classname="sample.Testtt" name="deletecontact" time="0.002"/>
  <testcase classname="sample.Testtt" name="modifycontact" time="0.004"/>
</testsuite> <!-- Default test -->
