<?xml version="1.0" encoding="UTF-8"?>
<testng-results ignored="0" total="3" passed="3" failed="0" skipped="0">
  <reporter-output>
  </reporter-output>
  <suite started-at="2023-04-12T13:23:26 IST" name="Default suite" finished-at="2023-04-12T13:23:26 IST" duration-ms="78">
    <groups>
    </groups>
    <test started-at="2023-04-12T13:23:26 IST" name="Default test" finished-at="2023-04-12T13:23:26 IST" duration-ms="78">
      <class name="sample.Testtt">
        <test-method signature="createcontact()[pri:0, instance:sample.Testtt@6c779568]" started-at="2023-04-12T13:23:26 IST" name="createcontact" finished-at="2023-04-12T13:23:26 IST" duration-ms="12" status="PASS">
          <reporter-output>
          </reporter-output>
        </test-method> <!-- createcontact -->
        <test-method signature="deletecontact()[pri:0, instance:sample.Testtt@6c779568]" started-at="2023-04-12T13:23:26 IST" name="deletecontact" finished-at="2023-04-12T13:23:26 IST" duration-ms="2" status="PASS">
          <reporter-output>
          </reporter-output>
        </test-method> <!-- deletecontact -->
        <test-method signature="modifycontact()[pri:0, instance:sample.Testtt@6c779568]" started-at="2023-04-12T13:23:26 IST" name="modifycontact" finished-at="2023-04-12T13:23:26 IST" duration-ms="4" status="PASS">
          <reporter-output>
          </reporter-output>
        </test-method> <!-- modifycontact -->
      </class> <!-- sample.Testtt -->
    </test> <!-- Default test -->
  </suite> <!-- Default suite -->
</testng-results>
